<?xml version="1.0" encoding="UTF-8"?>
<!-- Generated by org.testng.reporters.JUnitReportReporter -->
<testsuite hostname="DESKTOP-6NRE1G2" failures="0" tests="1" name="testCases.priceVerifyWithMultipleSearchItems" time="7.197" errors="0" timestamp="2024-09-02T08:05:38 IST" skipped="0">
  <testcase classname="testCases.priceVerifyWithMultipleSearchItems" name="endToEndTestCase" time="7.197"/>
  <system-out/>
</testsuite> <!-- testCases.priceVerifyWithMultipleSearchItems -->
